<?xml version="1.0" encoding="UTF-8"?>
<robot generator="Robot 7.3.2 (Python 3.12.3 on linux)" generated="2025-11-11T20:56:19.614393" rpa="false" schemaversion="5">
<suite id="s1" name="Demo Templating" source="/home/arcker/projects/RaftStone/RaftStone/robot-tests/demo_templating.robot">
<kw name="Create Directory" owner="OperatingSystem" type="SETUP">
<msg time="2025-11-11T20:56:19.647764" level="INFO" html="true">Created directory '&lt;a href="file:///tmp/robot-templates"&gt;/tmp/robot-templates&lt;/a&gt;'.</msg>
<arg>${BASE_DIR}</arg>
<doc>Creates the specified directory.</doc>
<status status="PASS" start="2025-11-11T20:56:19.647275" elapsed="0.000560"/>
</kw>
<test id="s1-t1" name="Test Création Fichiers avec Template" line="16">
<kw name="Créer et Vérifier Fichier">
<kw name="Set Variable" owner="BuiltIn">
<msg time="2025-11-11T20:56:19.648748" level="INFO">${filepath} = /tmp/robot-templates/config.toml</msg>
<var>${filepath}</var>
<arg>${BASE_DIR}/${filename}</arg>
<doc>Returns the given values which can then be assigned to a variables.</doc>
<status status="PASS" start="2025-11-11T20:56:19.648613" elapsed="0.000152"/>
</kw>
<kw name="Create File" owner="OperatingSystem">
<msg time="2025-11-11T20:56:19.649020" level="INFO" html="true">Created file '&lt;a href="file:///tmp/robot-templates/config.toml"&gt;/tmp/robot-templates/config.toml&lt;/a&gt;'.</msg>
<arg>${filepath}</arg>
<arg>${content}</arg>
<doc>Creates a file with the given content and encoding.</doc>
<status status="PASS" start="2025-11-11T20:56:19.648826" elapsed="0.000228"/>
</kw>
<kw name="File Should Exist" owner="OperatingSystem">
<msg time="2025-11-11T20:56:19.649193" level="INFO" html="true">File '&lt;a href="file:///tmp/robot-templates/config.toml"&gt;/tmp/robot-templates/config.toml&lt;/a&gt;' exists.</msg>
<arg>${filepath}</arg>
<doc>Fails unless the given ``path`` points to an existing file.</doc>
<status status="PASS" start="2025-11-11T20:56:19.649109" elapsed="0.000114"/>
</kw>
<kw name="Get File" owner="OperatingSystem">
<msg time="2025-11-11T20:56:19.649472" level="INFO" html="true">Getting file '&lt;a href="file:///tmp/robot-templates/config.toml"&gt;/tmp/robot-templates/config.toml&lt;/a&gt;'.</msg>
<msg time="2025-11-11T20:56:19.649613" level="INFO">${saved_content} = [server]\nport = 8080</msg>
<var>${saved_content}</var>
<arg>${filepath}</arg>
<doc>Returns the contents of a specified file.</doc>
<status status="PASS" start="2025-11-11T20:56:19.649281" elapsed="0.000356"/>
</kw>
<kw name="Should Be Equal" owner="BuiltIn">
<arg>${saved_content}</arg>
<arg>${content}</arg>
<doc>Fails if the given objects are unequal.</doc>
<status status="PASS" start="2025-11-11T20:56:19.649736" elapsed="0.000185"/>
</kw>
<kw name="Log" owner="BuiltIn">
<msg time="2025-11-11T20:56:19.650108" level="INFO">✅ Fichier config.toml créé et vérifié</msg>
<arg>✅ Fichier ${filename} créé et vérifié</arg>
<doc>Logs the given message with the given level.</doc>
<status status="PASS" start="2025-11-11T20:56:19.650014" elapsed="0.000131"/>
</kw>
<arg>config.toml</arg>
<arg>[server]\\nport = 8080</arg>
<doc>Keyword template pour créer/vérifier fichiers</doc>
<status status="PASS" start="2025-11-11T20:56:19.648389" elapsed="0.001805"/>
</kw>
<kw name="Créer et Vérifier Fichier">
<kw name="Set Variable" owner="BuiltIn">
<msg time="2025-11-11T20:56:19.650788" level="INFO">${filepath} = /tmp/robot-templates/data.json</msg>
<var>${filepath}</var>
<arg>${BASE_DIR}/${filename}</arg>
<doc>Returns the given values which can then be assigned to a variables.</doc>
<status status="PASS" start="2025-11-11T20:56:19.650651" elapsed="0.000155"/>
</kw>
<kw name="Create File" owner="OperatingSystem">
<msg time="2025-11-11T20:56:19.651059" level="INFO" html="true">Created file '&lt;a href="file:///tmp/robot-templates/data.json"&gt;/tmp/robot-templates/data.json&lt;/a&gt;'.</msg>
<arg>${filepath}</arg>
<arg>${content}</arg>
<doc>Creates a file with the given content and encoding.</doc>
<status status="PASS" start="2025-11-11T20:56:19.650867" elapsed="0.000233"/>
</kw>
<kw name="File Should Exist" owner="OperatingSystem">
<msg time="2025-11-11T20:56:19.651268" level="INFO" html="true">File '&lt;a href="file:///tmp/robot-templates/data.json"&gt;/tmp/robot-templates/data.json&lt;/a&gt;' exists.</msg>
<arg>${filepath}</arg>
<doc>Fails unless the given ``path`` points to an existing file.</doc>
<status status="PASS" start="2025-11-11T20:56:19.651179" elapsed="0.000116"/>
</kw>
<kw name="Get File" owner="OperatingSystem">
<msg time="2025-11-11T20:56:19.651446" level="INFO" html="true">Getting file '&lt;a href="file:///tmp/robot-templates/data.json"&gt;/tmp/robot-templates/data.json&lt;/a&gt;'.</msg>
<msg time="2025-11-11T20:56:19.651530" level="INFO">${saved_content} = {"articles": []}</msg>
<var>${saved_content}</var>
<arg>${filepath}</arg>
<doc>Returns the contents of a specified file.</doc>
<status status="PASS" start="2025-11-11T20:56:19.651348" elapsed="0.000197"/>
</kw>
<kw name="Should Be Equal" owner="BuiltIn">
<arg>${saved_content}</arg>
<arg>${content}</arg>
<doc>Fails if the given objects are unequal.</doc>
<status status="PASS" start="2025-11-11T20:56:19.651604" elapsed="0.000100"/>
</kw>
<kw name="Log" owner="BuiltIn">
<msg time="2025-11-11T20:56:19.651819" level="INFO">✅ Fichier data.json créé et vérifié</msg>
<arg>✅ Fichier ${filename} créé et vérifié</arg>
<doc>Logs the given message with the given level.</doc>
<status status="PASS" start="2025-11-11T20:56:19.651756" elapsed="0.000084"/>
</kw>
<arg>data.json</arg>
<arg>{"articles": []}</arg>
<doc>Keyword template pour créer/vérifier fichiers</doc>
<status status="PASS" start="2025-11-11T20:56:19.650425" elapsed="0.001446"/>
</kw>
<kw name="Créer et Vérifier Fichier">
<kw name="Set Variable" owner="BuiltIn">
<msg time="2025-11-11T20:56:19.652268" level="INFO">${filepath} = /tmp/robot-templates/README.md</msg>
<var>${filepath}</var>
<arg>${BASE_DIR}/${filename}</arg>
<doc>Returns the given values which can then be assigned to a variables.</doc>
<status status="PASS" start="2025-11-11T20:56:19.652167" elapsed="0.000115"/>
</kw>
<kw name="Create File" owner="OperatingSystem">
<msg time="2025-11-11T20:56:19.652465" level="INFO" html="true">Created file '&lt;a href="file:///tmp/robot-templates/README.md"&gt;/tmp/robot-templates/README.md&lt;/a&gt;'.</msg>
<arg>${filepath}</arg>
<arg>${content}</arg>
<doc>Creates a file with the given content and encoding.</doc>
<status status="PASS" start="2025-11-11T20:56:19.652329" elapsed="0.000166"/>
</kw>
<kw name="File Should Exist" owner="OperatingSystem">
<msg time="2025-11-11T20:56:19.652617" level="INFO" html="true">File '&lt;a href="file:///tmp/robot-templates/README.md"&gt;/tmp/robot-templates/README.md&lt;/a&gt;' exists.</msg>
<arg>${filepath}</arg>
<doc>Fails unless the given ``path`` points to an existing file.</doc>
<status status="PASS" start="2025-11-11T20:56:19.652546" elapsed="0.000095"/>
</kw>
<kw name="Get File" owner="OperatingSystem">
<msg time="2025-11-11T20:56:19.652751" level="INFO" html="true">Getting file '&lt;a href="file:///tmp/robot-templates/README.md"&gt;/tmp/robot-templates/README.md&lt;/a&gt;'.</msg>
<msg time="2025-11-11T20:56:19.652817" level="INFO">${saved_content} = Documentation</msg>
<var>${saved_content}</var>
<arg>${filepath}</arg>
<doc>Returns the contents of a specified file.</doc>
<status status="PASS" start="2025-11-11T20:56:19.652688" elapsed="0.000142"/>
</kw>
<kw name="Should Be Equal" owner="BuiltIn">
<arg>${saved_content}</arg>
<arg>${content}</arg>
<doc>Fails if the given objects are unequal.</doc>
<status status="PASS" start="2025-11-11T20:56:19.652881" elapsed="0.000090"/>
</kw>
<kw name="Log" owner="BuiltIn">
<msg time="2025-11-11T20:56:19.653082" level="INFO">✅ Fichier README.md créé et vérifié</msg>
<arg>✅ Fichier ${filename} créé et vérifié</arg>
<doc>Logs the given message with the given level.</doc>
<status status="PASS" start="2025-11-11T20:56:19.653018" elapsed="0.000093"/>
</kw>
<arg>README.md</arg>
<arg>Documentation</arg>
<doc>Keyword template pour créer/vérifier fichiers</doc>
<status status="PASS" start="2025-11-11T20:56:19.652026" elapsed="0.001128"/>
</kw>
<kw name="Créer et Vérifier Fichier">
<kw name="Set Variable" owner="BuiltIn">
<msg time="2025-11-11T20:56:19.654036" level="INFO">${filepath} = /tmp/robot-templates/test.txt</msg>
<var>${filepath}</var>
<arg>${BASE_DIR}/${filename}</arg>
<doc>Returns the given values which can then be assigned to a variables.</doc>
<status status="PASS" start="2025-11-11T20:56:19.653845" elapsed="0.000219"/>
</kw>
<kw name="Create File" owner="OperatingSystem">
<msg time="2025-11-11T20:56:19.654386" level="INFO" html="true">Created file '&lt;a href="file:///tmp/robot-templates/test.txt"&gt;/tmp/robot-templates/test.txt&lt;/a&gt;'.</msg>
<arg>${filepath}</arg>
<arg>${content}</arg>
<doc>Creates a file with the given content and encoding.</doc>
<status status="PASS" start="2025-11-11T20:56:19.654151" elapsed="0.000271"/>
</kw>
<kw name="File Should Exist" owner="OperatingSystem">
<msg time="2025-11-11T20:56:19.654558" level="INFO" html="true">File '&lt;a href="file:///tmp/robot-templates/test.txt"&gt;/tmp/robot-templates/test.txt&lt;/a&gt;' exists.</msg>
<arg>${filepath}</arg>
<doc>Fails unless the given ``path`` points to an existing file.</doc>
<status status="PASS" start="2025-11-11T20:56:19.654480" elapsed="0.000105"/>
</kw>
<kw name="Get File" owner="OperatingSystem">
<msg time="2025-11-11T20:56:19.654723" level="INFO" html="true">Getting file '&lt;a href="file:///tmp/robot-templates/test.txt"&gt;/tmp/robot-templates/test.txt&lt;/a&gt;'.</msg>
<msg time="2025-11-11T20:56:19.654812" level="INFO">${saved_content} = Test content</msg>
<var>${saved_content}</var>
<arg>${filepath}</arg>
<doc>Returns the contents of a specified file.</doc>
<status status="PASS" start="2025-11-11T20:56:19.654636" elapsed="0.000190"/>
</kw>
<kw name="Should Be Equal" owner="BuiltIn">
<arg>${saved_content}</arg>
<arg>${content}</arg>
<doc>Fails if the given objects are unequal.</doc>
<status status="PASS" start="2025-11-11T20:56:19.654879" elapsed="0.000099"/>
</kw>
<kw name="Log" owner="BuiltIn">
<msg time="2025-11-11T20:56:19.655125" level="INFO">✅ Fichier test.txt créé et vérifié</msg>
<arg>✅ Fichier ${filename} créé et vérifié</arg>
<doc>Logs the given message with the given level.</doc>
<status status="PASS" start="2025-11-11T20:56:19.655026" elapsed="0.000124"/>
</kw>
<arg>test.txt</arg>
<arg>Test content</arg>
<doc>Keyword template pour créer/vérifier fichiers</doc>
<status status="PASS" start="2025-11-11T20:56:19.653456" elapsed="0.001730"/>
</kw>
<doc>Un seul test, plusieurs données</doc>
<status status="PASS" start="2025-11-11T20:56:19.647982" elapsed="0.007338"/>
</test>
<test id="s1-t2" name="Test Multiple Ports" line="27">
<kw name="Create List" owner="BuiltIn">
<msg time="2025-11-11T20:56:19.655891" level="INFO">@{ports} = [ 19100 | 19101 | 19102 | 19103 ]</msg>
<var>@{ports}</var>
<arg>19100</arg>
<arg>19101</arg>
<arg>19102</arg>
<arg>19103</arg>
<doc>Returns a list containing given items.</doc>
<status status="PASS" start="2025-11-11T20:56:19.655798" elapsed="0.000107"/>
</kw>
<for flavor="IN">
<iter>
<kw name="Log" owner="BuiltIn">
<msg time="2025-11-11T20:56:19.656261" level="INFO">🚀 Test du port 19100</msg>
<arg>🚀 Test du port ${port}</arg>
<doc>Logs the given message with the given level.</doc>
<status status="PASS" start="2025-11-11T20:56:19.656185" elapsed="0.000101"/>
</kw>
<kw name="Set Variable" owner="BuiltIn">
<msg time="2025-11-11T20:56:19.656438" level="INFO">${config} = [server]
port = 19100</msg>
<var>${config}</var>
<arg>[server]\nport = ${port}</arg>
<doc>Returns the given values which can then be assigned to a variables.</doc>
<status status="PASS" start="2025-11-11T20:56:19.656336" elapsed="0.000115"/>
</kw>
<kw name="Create File" owner="OperatingSystem">
<msg time="2025-11-11T20:56:19.656643" level="INFO" html="true">Created file '&lt;a href="file:///tmp/config-19100.toml"&gt;/tmp/config-19100.toml&lt;/a&gt;'.</msg>
<arg>/tmp/config-${port}.toml</arg>
<arg>${config}</arg>
<doc>Creates a file with the given content and encoding.</doc>
<status status="PASS" start="2025-11-11T20:56:19.656495" elapsed="0.000178"/>
</kw>
<kw name="File Should Exist" owner="OperatingSystem">
<msg time="2025-11-11T20:56:19.656797" level="INFO" html="true">File '&lt;a href="file:///tmp/config-19100.toml"&gt;/tmp/config-19100.toml&lt;/a&gt;' exists.</msg>
<arg>/tmp/config-${port}.toml</arg>
<doc>Fails unless the given ``path`` points to an existing file.</doc>
<status status="PASS" start="2025-11-11T20:56:19.656723" elapsed="0.000099"/>
</kw>
<kw name="Get File" owner="OperatingSystem">
<msg time="2025-11-11T20:56:19.656995" level="INFO" html="true">Getting file '&lt;a href="file:///tmp/config-19100.toml"&gt;/tmp/config-19100.toml&lt;/a&gt;'.</msg>
<msg time="2025-11-11T20:56:19.657111" level="INFO">${content} = [server]
port = 19100</msg>
<var>${content}</var>
<arg>/tmp/config-${port}.toml</arg>
<doc>Returns the contents of a specified file.</doc>
<status status="PASS" start="2025-11-11T20:56:19.656870" elapsed="0.000261"/>
</kw>
<kw name="Should Contain" owner="BuiltIn">
<arg>${content}</arg>
<arg>${port}</arg>
<doc>Fails if ``container`` does not contain ``item`` one or more times.</doc>
<status status="PASS" start="2025-11-11T20:56:19.657216" elapsed="0.000149"/>
</kw>
<kw name="Remove File" owner="OperatingSystem">
<msg time="2025-11-11T20:56:19.657632" level="INFO" html="true">Removed file '&lt;a href="file:///tmp/config-19100.toml"&gt;/tmp/config-19100.toml&lt;/a&gt;'.</msg>
<arg>/tmp/config-${port}.toml</arg>
<doc>Removes a file with the given path.</doc>
<status status="PASS" start="2025-11-11T20:56:19.657452" elapsed="0.000230"/>
</kw>
<var name="${port}">19100</var>
<status status="PASS" start="2025-11-11T20:56:19.656137" elapsed="0.001574"/>
</iter>
<iter>
<kw name="Log" owner="BuiltIn">
<msg time="2025-11-11T20:56:19.657964" level="INFO">🚀 Test du port 19101</msg>
<arg>🚀 Test du port ${port}</arg>
<doc>Logs the given message with the given level.</doc>
<status status="PASS" start="2025-11-11T20:56:19.657883" elapsed="0.000106"/>
</kw>
<kw name="Set Variable" owner="BuiltIn">
<msg time="2025-11-11T20:56:19.658156" level="INFO">${config} = [server]
port = 19101</msg>
<var>${config}</var>
<arg>[server]\nport = ${port}</arg>
<doc>Returns the given values which can then be assigned to a variables.</doc>
<status status="PASS" start="2025-11-11T20:56:19.658047" elapsed="0.000122"/>
</kw>
<kw name="Create File" owner="OperatingSystem">
<msg time="2025-11-11T20:56:19.658407" level="INFO" html="true">Created file '&lt;a href="file:///tmp/config-19101.toml"&gt;/tmp/config-19101.toml&lt;/a&gt;'.</msg>
<arg>/tmp/config-${port}.toml</arg>
<arg>${config}</arg>
<doc>Creates a file with the given content and encoding.</doc>
<status status="PASS" start="2025-11-11T20:56:19.658228" elapsed="0.000219"/>
</kw>
<kw name="File Should Exist" owner="OperatingSystem">
<msg time="2025-11-11T20:56:19.658579" level="INFO" html="true">File '&lt;a href="file:///tmp/config-19101.toml"&gt;/tmp/config-19101.toml&lt;/a&gt;' exists.</msg>
<arg>/tmp/config-${port}.toml</arg>
<doc>Fails unless the given ``path`` points to an existing file.</doc>
<status status="PASS" start="2025-11-11T20:56:19.658500" elapsed="0.000104"/>
</kw>
<kw name="Get File" owner="OperatingSystem">
<msg time="2025-11-11T20:56:19.658743" level="INFO" html="true">Getting file '&lt;a href="file:///tmp/config-19101.toml"&gt;/tmp/config-19101.toml&lt;/a&gt;'.</msg>
<msg time="2025-11-11T20:56:19.658827" level="INFO">${content} = [server]
port = 19101</msg>
<var>${content}</var>
<arg>/tmp/config-${port}.toml</arg>
<doc>Returns the contents of a specified file.</doc>
<status status="PASS" start="2025-11-11T20:56:19.658651" elapsed="0.000190"/>
</kw>
<kw name="Should Contain" owner="BuiltIn">
<arg>${content}</arg>
<arg>${port}</arg>
<doc>Fails if ``container`` does not contain ``item`` one or more times.</doc>
<status status="PASS" start="2025-11-11T20:56:19.658906" elapsed="0.000115"/>
</kw>
<kw name="Remove File" owner="OperatingSystem">
<msg time="2025-11-11T20:56:19.659215" level="INFO" html="true">Removed file '&lt;a href="file:///tmp/config-19101.toml"&gt;/tmp/config-19101.toml&lt;/a&gt;'.</msg>
<arg>/tmp/config-${port}.toml</arg>
<doc>Removes a file with the given path.</doc>
<status status="PASS" start="2025-11-11T20:56:19.659090" elapsed="0.000259"/>
</kw>
<var name="${port}">19101</var>
<status status="PASS" start="2025-11-11T20:56:19.657834" elapsed="0.001547"/>
</iter>
<iter>
<kw name="Log" owner="BuiltIn">
<msg time="2025-11-11T20:56:19.659656" level="INFO">🚀 Test du port 19102</msg>
<arg>🚀 Test du port ${port}</arg>
<doc>Logs the given message with the given level.</doc>
<status status="PASS" start="2025-11-11T20:56:19.659561" elapsed="0.000125"/>
</kw>
<kw name="Set Variable" owner="BuiltIn">
<msg time="2025-11-11T20:56:19.659892" level="INFO">${config} = [server]
port = 19102</msg>
<var>${config}</var>
<arg>[server]\nport = ${port}</arg>
<doc>Returns the given values which can then be assigned to a variables.</doc>
<status status="PASS" start="2025-11-11T20:56:19.659756" elapsed="0.000154"/>
</kw>
<kw name="Create File" owner="OperatingSystem">
<msg time="2025-11-11T20:56:19.660143" level="INFO" html="true">Created file '&lt;a href="file:///tmp/config-19102.toml"&gt;/tmp/config-19102.toml&lt;/a&gt;'.</msg>
<arg>/tmp/config-${port}.toml</arg>
<arg>${config}</arg>
<doc>Creates a file with the given content and encoding.</doc>
<status status="PASS" start="2025-11-11T20:56:19.659963" elapsed="0.000216"/>
</kw>
<kw name="File Should Exist" owner="OperatingSystem">
<msg time="2025-11-11T20:56:19.660313" level="INFO" html="true">File '&lt;a href="file:///tmp/config-19102.toml"&gt;/tmp/config-19102.toml&lt;/a&gt;' exists.</msg>
<arg>/tmp/config-${port}.toml</arg>
<doc>Fails unless the given ``path`` points to an existing file.</doc>
<status status="PASS" start="2025-11-11T20:56:19.660235" elapsed="0.000103"/>
</kw>
<kw name="Get File" owner="OperatingSystem">
<msg time="2025-11-11T20:56:19.660450" level="INFO" html="true">Getting file '&lt;a href="file:///tmp/config-19102.toml"&gt;/tmp/config-19102.toml&lt;/a&gt;'.</msg>
<msg time="2025-11-11T20:56:19.660515" level="INFO">${content} = [server]
port = 19102</msg>
<var>${content}</var>
<arg>/tmp/config-${port}.toml</arg>
<doc>Returns the contents of a specified file.</doc>
<status status="PASS" start="2025-11-11T20:56:19.660387" elapsed="0.000141"/>
</kw>
<kw name="Should Contain" owner="BuiltIn">
<arg>${content}</arg>
<arg>${port}</arg>
<doc>Fails if ``container`` does not contain ``item`` one or more times.</doc>
<status status="PASS" start="2025-11-11T20:56:19.660602" elapsed="0.000087"/>
</kw>
<kw name="Remove File" owner="OperatingSystem">
<msg time="2025-11-11T20:56:19.660862" level="INFO" html="true">Removed file '&lt;a href="file:///tmp/config-19102.toml"&gt;/tmp/config-19102.toml&lt;/a&gt;'.</msg>
<arg>/tmp/config-${port}.toml</arg>
<doc>Removes a file with the given path.</doc>
<status status="PASS" start="2025-11-11T20:56:19.660737" elapsed="0.000156"/>
</kw>
<var name="${port}">19102</var>
<status status="PASS" start="2025-11-11T20:56:19.659496" elapsed="0.001414"/>
</iter>
<iter>
<kw name="Log" owner="BuiltIn">
<msg time="2025-11-11T20:56:19.661107" level="INFO">🚀 Test du port 19103</msg>
<arg>🚀 Test du port ${port}</arg>
<doc>Logs the given message with the given level.</doc>
<status status="PASS" start="2025-11-11T20:56:19.661035" elapsed="0.000095"/>
</kw>
<kw name="Set Variable" owner="BuiltIn">
<msg time="2025-11-11T20:56:19.661359" level="INFO">${config} = [server]
port = 19103</msg>
<var>${config}</var>
<arg>[server]\nport = ${port}</arg>
<doc>Returns the given values which can then be assigned to a variables.</doc>
<status status="PASS" start="2025-11-11T20:56:19.661198" elapsed="0.000186"/>
</kw>
<kw name="Create File" owner="OperatingSystem">
<msg time="2025-11-11T20:56:19.661681" level="INFO" html="true">Created file '&lt;a href="file:///tmp/config-19103.toml"&gt;/tmp/config-19103.toml&lt;/a&gt;'.</msg>
<arg>/tmp/config-${port}.toml</arg>
<arg>${config}</arg>
<doc>Creates a file with the given content and encoding.</doc>
<status status="PASS" start="2025-11-11T20:56:19.661469" elapsed="0.000245"/>
</kw>
<kw name="File Should Exist" owner="OperatingSystem">
<msg time="2025-11-11T20:56:19.661849" level="INFO" html="true">File '&lt;a href="file:///tmp/config-19103.toml"&gt;/tmp/config-19103.toml&lt;/a&gt;' exists.</msg>
<arg>/tmp/config-${port}.toml</arg>
<doc>Fails unless the given ``path`` points to an existing file.</doc>
<status status="PASS" start="2025-11-11T20:56:19.661770" elapsed="0.000104"/>
</kw>
<kw name="Get File" owner="OperatingSystem">
<msg time="2025-11-11T20:56:19.661992" level="INFO" html="true">Getting file '&lt;a href="file:///tmp/config-19103.toml"&gt;/tmp/config-19103.toml&lt;/a&gt;'.</msg>
<msg time="2025-11-11T20:56:19.662060" level="INFO">${content} = [server]
port = 19103</msg>
<var>${content}</var>
<arg>/tmp/config-${port}.toml</arg>
<doc>Returns the contents of a specified file.</doc>
<status status="PASS" start="2025-11-11T20:56:19.661922" elapsed="0.000151"/>
</kw>
<kw name="Should Contain" owner="BuiltIn">
<arg>${content}</arg>
<arg>${port}</arg>
<doc>Fails if ``container`` does not contain ``item`` one or more times.</doc>
<status status="PASS" start="2025-11-11T20:56:19.662121" elapsed="0.000075"/>
</kw>
<kw name="Remove File" owner="OperatingSystem">
<msg time="2025-11-11T20:56:19.662474" level="INFO" html="true">Removed file '&lt;a href="file:///tmp/config-19103.toml"&gt;/tmp/config-19103.toml&lt;/a&gt;'.</msg>
<arg>/tmp/config-${port}.toml</arg>
<doc>Removes a file with the given path.</doc>
<status status="PASS" start="2025-11-11T20:56:19.662241" elapsed="0.000264"/>
</kw>
<var name="${port}">19103</var>
<status status="PASS" start="2025-11-11T20:56:19.660988" elapsed="0.001535"/>
</iter>
<var>${port}</var>
<value>@{ports}</value>
<status status="PASS" start="2025-11-11T20:56:19.655999" elapsed="0.006543"/>
</for>
<doc>Tester plusieurs ports en boucle</doc>
<status status="PASS" start="2025-11-11T20:56:19.655566" elapsed="0.007126"/>
</test>
<test id="s1-t3" name="Test Différentes Configurations" line="43">
<kw name="Create List" owner="BuiltIn">
<msg time="2025-11-11T20:56:19.663283" level="INFO">@{configs} = [ 19200|true|/tmp/data1 | 19201|false|/tmp/data2 | 19202|true|/tmp/data3 ]</msg>
<var>@{configs}</var>
<arg>19200|true|/tmp/data1</arg>
<arg>19201|false|/tmp/data2</arg>
<arg>19202|true|/tmp/data3</arg>
<doc>Returns a list containing given items.</doc>
<status status="PASS" start="2025-11-11T20:56:19.663181" elapsed="0.000116"/>
</kw>
<for flavor="IN">
<iter>
<kw name="Split String">
<msg time="2025-11-11T20:56:19.664323" level="FAIL">No keyword with name 'Split String' found.</msg>
<var>@{parts}</var>
<arg>${config}</arg>
<arg>|</arg>
<status status="FAIL" start="2025-11-11T20:56:19.664298" elapsed="0.000057">No keyword with name 'Split String' found.</status>
</kw>
<kw name="Set Variable" owner="BuiltIn">
<var>${port}</var>
<arg>${parts}[0]</arg>
<doc>Returns the given values which can then be assigned to a variables.</doc>
<status status="NOT RUN" start="2025-11-11T20:56:19.664437" elapsed="0.000012"/>
</kw>
<kw name="Set Variable" owner="BuiltIn">
<var>${persist}</var>
<arg>${parts}[1]</arg>
<doc>Returns the given values which can then be assigned to a variables.</doc>
<status status="NOT RUN" start="2025-11-11T20:56:19.664494" elapsed="0.000009"/>
</kw>
<kw name="Set Variable" owner="BuiltIn">
<var>${path}</var>
<arg>${parts}[2]</arg>
<doc>Returns the given values which can then be assigned to a variables.</doc>
<status status="NOT RUN" start="2025-11-11T20:56:19.664545" elapsed="0.000017"/>
</kw>
<kw name="Log" owner="BuiltIn">
<arg>Testing: port=${port}, persist=${persist}, path=${path}</arg>
<doc>Logs the given message with the given level.</doc>
<status status="NOT RUN" start="2025-11-11T20:56:19.664627" elapsed="0.000011"/>
</kw>
<kw name="Catenate" owner="BuiltIn">
<var>${cfg_content}</var>
<arg>SEPARATOR=\n</arg>
<arg>[server]</arg>
<arg>port = ${port}</arg>
<arg>[persistence]</arg>
<arg>enabled = ${persist}</arg>
<arg>path = "${path}"</arg>
<doc>Catenates the given items together and returns the resulted string.</doc>
<status status="NOT RUN" start="2025-11-11T20:56:19.664689" elapsed="0.000019"/>
</kw>
<kw name="Create File" owner="OperatingSystem">
<arg>/tmp/test-${port}.toml</arg>
<arg>${cfg_content}</arg>
<doc>Creates a file with the given content and encoding.</doc>
<status status="NOT RUN" start="2025-11-11T20:56:19.664851" elapsed="0.000012"/>
</kw>
<kw name="Get File" owner="OperatingSystem">
<var>${saved}</var>
<arg>/tmp/test-${port}.toml</arg>
<doc>Returns the contents of a specified file.</doc>
<status status="NOT RUN" start="2025-11-11T20:56:19.664932" elapsed="0.000015"/>
</kw>
<kw name="Should Contain" owner="BuiltIn">
<arg>${saved}</arg>
<arg>port = ${port}</arg>
<doc>Fails if ``container`` does not contain ``item`` one or more times.</doc>
<status status="NOT RUN" start="2025-11-11T20:56:19.665017" elapsed="0.000013"/>
</kw>
<kw name="Remove File" owner="OperatingSystem">
<arg>/tmp/test-${port}.toml</arg>
<doc>Removes a file with the given path.</doc>
<status status="NOT RUN" start="2025-11-11T20:56:19.665087" elapsed="0.000013"/>
</kw>
<var name="${config}">19200|true|/tmp/data1</var>
<status status="FAIL" start="2025-11-11T20:56:19.663510" elapsed="0.001639">No keyword with name 'Split String' found.</status>
</iter>
<var>${config}</var>
<value>@{configs}</value>
<status status="FAIL" start="2025-11-11T20:56:19.663383" elapsed="0.001813">No keyword with name 'Split String' found.</status>
</for>
<doc>Tester plusieurs configs avec une table</doc>
<status status="FAIL" start="2025-11-11T20:56:19.662940" elapsed="0.002485">No keyword with name 'Split String' found.</status>
</test>
<test id="s1-t4" name="Test avec Keyword Réutilisable" line="73">
<kw name="Tester Config Serveur">
<kw name="Log" owner="BuiltIn">
<msg time="2025-11-11T20:56:19.666330" level="INFO">🧪 Test: port=19300, persist=true, path=/tmp/test1</msg>
<arg>🧪 Test: port=${port}, persist=${persist}, path=${path}</arg>
<doc>Logs the given message with the given level.</doc>
<status status="PASS" start="2025-11-11T20:56:19.666219" elapsed="0.000140"/>
</kw>
<kw name="Catenate" owner="BuiltIn">
<msg time="2025-11-11T20:56:19.666554" level="INFO">${config} = [server]
port = 19300
[persistence]
enabled = true
path = "/tmp/test1"</msg>
<var>${config}</var>
<arg>SEPARATOR=\n</arg>
<arg>[server]</arg>
<arg>port = ${port}</arg>
<arg>[persistence]</arg>
<arg>enabled = ${persist}</arg>
<arg>path = "${path}"</arg>
<doc>Catenates the given items together and returns the resulted string.</doc>
<status status="PASS" start="2025-11-11T20:56:19.666409" elapsed="0.000158"/>
</kw>
<kw name="Set Variable" owner="BuiltIn">
<msg time="2025-11-11T20:56:19.666692" level="INFO">${config_file} = /tmp/server-19300.toml</msg>
<var>${config_file}</var>
<arg>/tmp/server-${port}.toml</arg>
<doc>Returns the given values which can then be assigned to a variables.</doc>
<status status="PASS" start="2025-11-11T20:56:19.666619" elapsed="0.000085"/>
</kw>
<kw name="Create File" owner="OperatingSystem">
<msg time="2025-11-11T20:56:19.666979" level="INFO" html="true">Created file '&lt;a href="file:///tmp/server-19300.toml"&gt;/tmp/server-19300.toml&lt;/a&gt;'.</msg>
<arg>${config_file}</arg>
<arg>${config}</arg>
<doc>Creates a file with the given content and encoding.</doc>
<status status="PASS" start="2025-11-11T20:56:19.666766" elapsed="0.000247"/>
</kw>
<kw name="File Should Exist" owner="OperatingSystem">
<msg time="2025-11-11T20:56:19.667147" level="INFO" html="true">File '&lt;a href="file:///tmp/server-19300.toml"&gt;/tmp/server-19300.toml&lt;/a&gt;' exists.</msg>
<arg>${config_file}</arg>
<doc>Fails unless the given ``path`` points to an existing file.</doc>
<status status="PASS" start="2025-11-11T20:56:19.667068" elapsed="0.000104"/>
</kw>
<kw name="Get File" owner="OperatingSystem">
<msg time="2025-11-11T20:56:19.667280" level="INFO" html="true">Getting file '&lt;a href="file:///tmp/server-19300.toml"&gt;/tmp/server-19300.toml&lt;/a&gt;'.</msg>
<msg time="2025-11-11T20:56:19.667352" level="INFO">${content} = [server]
port = 19300
[persistence]
enabled = true
path = "/tmp/test1"</msg>
<var>${content}</var>
<arg>${config_file}</arg>
<doc>Returns the contents of a specified file.</doc>
<status status="PASS" start="2025-11-11T20:56:19.667219" elapsed="0.000145"/>
</kw>
<kw name="Should Contain" owner="BuiltIn">
<arg>${content}</arg>
<arg>port = ${port}</arg>
<doc>Fails if ``container`` does not contain ``item`` one or more times.</doc>
<status status="PASS" start="2025-11-11T20:56:19.667416" elapsed="0.000093"/>
</kw>
<kw name="Should Contain" owner="BuiltIn">
<arg>${content}</arg>
<arg>enabled = ${persist}</arg>
<doc>Fails if ``container`` does not contain ``item`` one or more times.</doc>
<status status="PASS" start="2025-11-11T20:56:19.667554" elapsed="0.000081"/>
</kw>
<kw name="Remove File" owner="OperatingSystem">
<msg time="2025-11-11T20:56:19.667770" level="INFO" html="true">Removed file '&lt;a href="file:///tmp/server-19300.toml"&gt;/tmp/server-19300.toml&lt;/a&gt;'.</msg>
<arg>${config_file}</arg>
<doc>Removes a file with the given path.</doc>
<status status="PASS" start="2025-11-11T20:56:19.667677" elapsed="0.000120"/>
</kw>
<kw name="Log" owner="BuiltIn">
<msg time="2025-11-11T20:56:19.667935" level="INFO">✅ Config 19300 testée avec succès</msg>
<arg>✅ Config ${port} testée avec succès</arg>
<doc>Logs the given message with the given level.</doc>
<status status="PASS" start="2025-11-11T20:56:19.667843" elapsed="0.000117"/>
</kw>
<arg>port=19300</arg>
<arg>persist=true</arg>
<arg>path=/tmp/test1</arg>
<doc>Teste une configuration serveur complète</doc>
<status status="PASS" start="2025-11-11T20:56:19.665999" elapsed="0.002000"/>
</kw>
<kw name="Tester Config Serveur">
<kw name="Log" owner="BuiltIn">
<msg time="2025-11-11T20:56:19.668526" level="INFO">🧪 Test: port=19301, persist=false, path=/tmp/test2</msg>
<arg>🧪 Test: port=${port}, persist=${persist}, path=${path}</arg>
<doc>Logs the given message with the given level.</doc>
<status status="PASS" start="2025-11-11T20:56:19.668352" elapsed="0.000210"/>
</kw>
<kw name="Catenate" owner="BuiltIn">
<msg time="2025-11-11T20:56:19.669058" level="INFO">${config} = [server]
port = 19301
[persistence]
enabled = false
path = "/tmp/test2"</msg>
<var>${config}</var>
<arg>SEPARATOR=\n</arg>
<arg>[server]</arg>
<arg>port = ${port}</arg>
<arg>[persistence]</arg>
<arg>enabled = ${persist}</arg>
<arg>path = "${path}"</arg>
<doc>Catenates the given items together and returns the resulted string.</doc>
<status status="PASS" start="2025-11-11T20:56:19.668632" elapsed="0.000447"/>
</kw>
<kw name="Set Variable" owner="BuiltIn">
<msg time="2025-11-11T20:56:19.669337" level="INFO">${config_file} = /tmp/server-19301.toml</msg>
<var>${config_file}</var>
<arg>/tmp/server-${port}.toml</arg>
<doc>Returns the given values which can then be assigned to a variables.</doc>
<status status="PASS" start="2025-11-11T20:56:19.669162" elapsed="0.000199"/>
</kw>
<kw name="Create File" owner="OperatingSystem">
<msg time="2025-11-11T20:56:19.669856" level="INFO" html="true">Created file '&lt;a href="file:///tmp/server-19301.toml"&gt;/tmp/server-19301.toml&lt;/a&gt;'.</msg>
<arg>${config_file}</arg>
<arg>${config}</arg>
<doc>Creates a file with the given content and encoding.</doc>
<status status="PASS" start="2025-11-11T20:56:19.669451" elapsed="0.000461"/>
</kw>
<kw name="File Should Exist" owner="OperatingSystem">
<msg time="2025-11-11T20:56:19.670092" level="INFO" html="true">File '&lt;a href="file:///tmp/server-19301.toml"&gt;/tmp/server-19301.toml&lt;/a&gt;' exists.</msg>
<arg>${config_file}</arg>
<doc>Fails unless the given ``path`` points to an existing file.</doc>
<status status="PASS" start="2025-11-11T20:56:19.669986" elapsed="0.000134"/>
</kw>
<kw name="Get File" owner="OperatingSystem">
<msg time="2025-11-11T20:56:19.670269" level="INFO" html="true">Getting file '&lt;a href="file:///tmp/server-19301.toml"&gt;/tmp/server-19301.toml&lt;/a&gt;'.</msg>
<msg time="2025-11-11T20:56:19.670364" level="INFO">${content} = [server]
port = 19301
[persistence]
enabled = false
path = "/tmp/test2"</msg>
<var>${content}</var>
<arg>${config_file}</arg>
<doc>Returns the contents of a specified file.</doc>
<status status="PASS" start="2025-11-11T20:56:19.670172" elapsed="0.000286"/>
</kw>
<kw name="Should Contain" owner="BuiltIn">
<arg>${content}</arg>
<arg>port = ${port}</arg>
<doc>Fails if ``container`` does not contain ``item`` one or more times.</doc>
<status status="PASS" start="2025-11-11T20:56:19.670525" elapsed="0.000104"/>
</kw>
<kw name="Should Contain" owner="BuiltIn">
<arg>${content}</arg>
<arg>enabled = ${persist}</arg>
<doc>Fails if ``container`` does not contain ``item`` one or more times.</doc>
<status status="PASS" start="2025-11-11T20:56:19.670680" elapsed="0.000086"/>
</kw>
<kw name="Remove File" owner="OperatingSystem">
<msg time="2025-11-11T20:56:19.670923" level="INFO" html="true">Removed file '&lt;a href="file:///tmp/server-19301.toml"&gt;/tmp/server-19301.toml&lt;/a&gt;'.</msg>
<arg>${config_file}</arg>
<doc>Removes a file with the given path.</doc>
<status status="PASS" start="2025-11-11T20:56:19.670811" elapsed="0.000151"/>
</kw>
<kw name="Log" owner="BuiltIn">
<msg time="2025-11-11T20:56:19.671082" level="INFO">✅ Config 19301 testée avec succès</msg>
<arg>✅ Config ${port} testée avec succès</arg>
<doc>Logs the given message with the given level.</doc>
<status status="PASS" start="2025-11-11T20:56:19.671013" elapsed="0.000091"/>
</kw>
<arg>port=19301</arg>
<arg>persist=false</arg>
<arg>path=/tmp/test2</arg>
<doc>Teste une configuration serveur complète</doc>
<status status="PASS" start="2025-11-11T20:56:19.668161" elapsed="0.002977"/>
</kw>
<kw name="Tester Config Serveur">
<kw name="Log" owner="BuiltIn">
<msg time="2025-11-11T20:56:19.671619" level="INFO">🧪 Test: port=19302, persist=true, path=/tmp/test3</msg>
<arg>🧪 Test: port=${port}, persist=${persist}, path=${path}</arg>
<doc>Logs the given message with the given level.</doc>
<status status="PASS" start="2025-11-11T20:56:19.671492" elapsed="0.000153"/>
</kw>
<kw name="Catenate" owner="BuiltIn">
<msg time="2025-11-11T20:56:19.671842" level="INFO">${config} = [server]
port = 19302
[persistence]
enabled = true
path = "/tmp/test3"</msg>
<var>${config}</var>
<arg>SEPARATOR=\n</arg>
<arg>[server]</arg>
<arg>port = ${port}</arg>
<arg>[persistence]</arg>
<arg>enabled = ${persist}</arg>
<arg>path = "${path}"</arg>
<doc>Catenates the given items together and returns the resulted string.</doc>
<status status="PASS" start="2025-11-11T20:56:19.671698" elapsed="0.000156"/>
</kw>
<kw name="Set Variable" owner="BuiltIn">
<msg time="2025-11-11T20:56:19.672011" level="INFO">${config_file} = /tmp/server-19302.toml</msg>
<var>${config_file}</var>
<arg>/tmp/server-${port}.toml</arg>
<doc>Returns the given values which can then be assigned to a variables.</doc>
<status status="PASS" start="2025-11-11T20:56:19.671906" elapsed="0.000120"/>
</kw>
<kw name="Create File" owner="OperatingSystem">
<msg time="2025-11-11T20:56:19.672251" level="INFO" html="true">Created file '&lt;a href="file:///tmp/server-19302.toml"&gt;/tmp/server-19302.toml&lt;/a&gt;'.</msg>
<arg>${config_file}</arg>
<arg>${config}</arg>
<doc>Creates a file with the given content and encoding.</doc>
<status status="PASS" start="2025-11-11T20:56:19.672076" elapsed="0.000213"/>
</kw>
<kw name="File Should Exist" owner="OperatingSystem">
<msg time="2025-11-11T20:56:19.672424" level="INFO" html="true">File '&lt;a href="file:///tmp/server-19302.toml"&gt;/tmp/server-19302.toml&lt;/a&gt;' exists.</msg>
<arg>${config_file}</arg>
<doc>Fails unless the given ``path`` points to an existing file.</doc>
<status status="PASS" start="2025-11-11T20:56:19.672346" elapsed="0.000103"/>
</kw>
<kw name="Get File" owner="OperatingSystem">
<msg time="2025-11-11T20:56:19.672595" level="INFO" html="true">Getting file '&lt;a href="file:///tmp/server-19302.toml"&gt;/tmp/server-19302.toml&lt;/a&gt;'.</msg>
<msg time="2025-11-11T20:56:19.672700" level="INFO">${content} = [server]
port = 19302
[persistence]
enabled = true
path = "/tmp/test3"</msg>
<var>${content}</var>
<arg>${config_file}</arg>
<doc>Returns the contents of a specified file.</doc>
<status status="PASS" start="2025-11-11T20:56:19.672497" elapsed="0.000219"/>
</kw>
<kw name="Should Contain" owner="BuiltIn">
<arg>${content}</arg>
<arg>port = ${port}</arg>
<doc>Fails if ``container`` does not contain ``item`` one or more times.</doc>
<status status="PASS" start="2025-11-11T20:56:19.672776" elapsed="0.000115"/>
</kw>
<kw name="Should Contain" owner="BuiltIn">
<arg>${content}</arg>
<arg>enabled = ${persist}</arg>
<doc>Fails if ``container`` does not contain ``item`` one or more times.</doc>
<status status="PASS" start="2025-11-11T20:56:19.672943" elapsed="0.000087"/>
</kw>
<kw name="Remove File" owner="OperatingSystem">
<msg time="2025-11-11T20:56:19.673171" level="INFO" html="true">Removed file '&lt;a href="file:///tmp/server-19302.toml"&gt;/tmp/server-19302.toml&lt;/a&gt;'.</msg>
<arg>${config_file}</arg>
<doc>Removes a file with the given path.</doc>
<status status="PASS" start="2025-11-11T20:56:19.673075" elapsed="0.000123"/>
</kw>
<kw name="Log" owner="BuiltIn">
<msg time="2025-11-11T20:56:19.673340" level="INFO">✅ Config 19302 testée avec succès</msg>
<arg>✅ Config ${port} testée avec succès</arg>
<doc>Logs the given message with the given level.</doc>
<status status="PASS" start="2025-11-11T20:56:19.673259" elapsed="0.000141"/>
</kw>
<arg>port=19302</arg>
<arg>persist=true</arg>
<arg>path=/tmp/test3</arg>
<doc>Teste une configuration serveur complète</doc>
<status status="PASS" start="2025-11-11T20:56:19.671323" elapsed="0.002137"/>
</kw>
<doc>Keyword custom qui prend des paramètres</doc>
<status status="PASS" start="2025-11-11T20:56:19.665712" elapsed="0.007929"/>
</test>
<test id="s1-t5" name="Test API Endpoints" line="82">
<kw name="Vérifier Endpoint Existe">
<kw name="Log" owner="BuiltIn">
<msg time="2025-11-11T20:56:19.674497" level="INFO">Testing GET /health should contain ok</msg>
<arg>Testing ${method} ${path} should contain ${expected}</arg>
<doc>Logs the given message with the given level.</doc>
<status status="PASS" start="2025-11-11T20:56:19.674403" elapsed="0.000118"/>
</kw>
<arg>GET</arg>
<arg>/health</arg>
<arg>ok</arg>
<doc>Template pour vérifier endpoints (simulé)</doc>
<status status="PASS" start="2025-11-11T20:56:19.674223" elapsed="0.000328"/>
</kw>
<kw name="Vérifier Endpoint Existe">
<kw name="Log" owner="BuiltIn">
<msg time="2025-11-11T20:56:19.674924" level="INFO">Testing GET /status should contain status</msg>
<arg>Testing ${method} ${path} should contain ${expected}</arg>
<doc>Logs the given message with the given level.</doc>
<status status="PASS" start="2025-11-11T20:56:19.674828" elapsed="0.000137"/>
</kw>
<arg>GET</arg>
<arg>/status</arg>
<arg>status</arg>
<doc>Template pour vérifier endpoints (simulé)</doc>
<status status="PASS" start="2025-11-11T20:56:19.674681" elapsed="0.000329"/>
</kw>
<kw name="Vérifier Endpoint Existe">
<kw name="Log" owner="BuiltIn">
<msg time="2025-11-11T20:56:19.675423" level="INFO">Testing POST /api/articles should contain articles</msg>
<arg>Testing ${method} ${path} should contain ${expected}</arg>
<doc>Logs the given message with the given level.</doc>
<status status="PASS" start="2025-11-11T20:56:19.675333" elapsed="0.000113"/>
</kw>
<arg>POST</arg>
<arg>/api/articles</arg>
<arg>articles</arg>
<doc>Template pour vérifier endpoints (simulé)</doc>
<status status="PASS" start="2025-11-11T20:56:19.675153" elapsed="0.000323"/>
</kw>
<kw name="Vérifier Endpoint Existe">
<kw name="Log" owner="BuiltIn">
<msg time="2025-11-11T20:56:19.675813" level="INFO">Testing GET /api/users should contain users</msg>
<arg>Testing ${method} ${path} should contain ${expected}</arg>
<doc>Logs the given message with the given level.</doc>
<status status="PASS" start="2025-11-11T20:56:19.675731" elapsed="0.000104"/>
</kw>
<arg>GET</arg>
<arg>/api/users</arg>
<arg>users</arg>
<doc>Template pour vérifier endpoints (simulé)</doc>
<status status="PASS" start="2025-11-11T20:56:19.675596" elapsed="0.000267"/>
</kw>
<doc>Tester plusieurs endpoints avec template</doc>
<status status="PASS" start="2025-11-11T20:56:19.673929" elapsed="0.002061"/>
</test>
<test id="s1-t6" name="Test Matrix de Configurations" line="93">
<kw name="Create List" owner="BuiltIn">
<msg time="2025-11-11T20:56:19.676837" level="INFO">@{ports} = [ 19400 | 19401 ]</msg>
<var>@{ports}</var>
<arg>19400</arg>
<arg>19401</arg>
<doc>Returns a list containing given items.</doc>
<status status="PASS" start="2025-11-11T20:56:19.676683" elapsed="0.000177"/>
</kw>
<kw name="Create List" owner="BuiltIn">
<msg time="2025-11-11T20:56:19.677162" level="INFO">@{persist_modes} = [ true | false ]</msg>
<var>@{persist_modes}</var>
<arg>true</arg>
<arg>false</arg>
<doc>Returns a list containing given items.</doc>
<status status="PASS" start="2025-11-11T20:56:19.677012" elapsed="0.000175"/>
</kw>
<for flavor="IN">
<iter>
<for flavor="IN">
<iter>
<kw name="Log" owner="BuiltIn">
<msg time="2025-11-11T20:56:19.677706" level="INFO">🧪 Testing port=19400 with persistence=true</msg>
<arg>🧪 Testing port=${port} with persistence=${persist}</arg>
<doc>Logs the given message with the given level.</doc>
<status status="PASS" start="2025-11-11T20:56:19.677605" elapsed="0.000128"/>
</kw>
<kw name="Set Variable" owner="BuiltIn">
<msg time="2025-11-11T20:56:19.678052" level="INFO">${config_name} = test-19400-true.toml</msg>
<var>${config_name}</var>
<arg>test-${port}-${persist}.toml</arg>
<doc>Returns the given values which can then be assigned to a variables.</doc>
<status status="PASS" start="2025-11-11T20:56:19.677789" elapsed="0.000276"/>
</kw>
<kw name="Catenate" owner="BuiltIn">
<msg time="2025-11-11T20:56:19.678242" level="INFO">${config} = [server]
port = 19400
[persistence]
enabled = true</msg>
<var>${config}</var>
<arg>SEPARATOR=\n</arg>
<arg>[server]</arg>
<arg>port = ${port}</arg>
<arg>[persistence]</arg>
<arg>enabled = ${persist}</arg>
<doc>Catenates the given items together and returns the resulted string.</doc>
<status status="PASS" start="2025-11-11T20:56:19.678116" elapsed="0.000138"/>
</kw>
<kw name="Create File" owner="OperatingSystem">
<msg time="2025-11-11T20:56:19.678525" level="INFO" html="true">Created file '&lt;a href="file:///tmp/test-19400-true.toml"&gt;/tmp/test-19400-true.toml&lt;/a&gt;'.</msg>
<arg>/tmp/${config_name}</arg>
<arg>${config}</arg>
<doc>Creates a file with the given content and encoding.</doc>
<status status="PASS" start="2025-11-11T20:56:19.678304" elapsed="0.000253"/>
</kw>
<kw name="File Should Exist" owner="OperatingSystem">
<msg time="2025-11-11T20:56:19.678695" level="INFO" html="true">File '&lt;a href="file:///tmp/test-19400-true.toml"&gt;/tmp/test-19400-true.toml&lt;/a&gt;' exists.</msg>
<arg>/tmp/${config_name}</arg>
<doc>Fails unless the given ``path`` points to an existing file.</doc>
<status status="PASS" start="2025-11-11T20:56:19.678610" elapsed="0.000110"/>
</kw>
<kw name="Remove File" owner="OperatingSystem">
<msg time="2025-11-11T20:56:19.678891" level="INFO" html="true">Removed file '&lt;a href="file:///tmp/test-19400-true.toml"&gt;/tmp/test-19400-true.toml&lt;/a&gt;'.</msg>
<arg>/tmp/${config_name}</arg>
<doc>Removes a file with the given path.</doc>
<status status="PASS" start="2025-11-11T20:56:19.678765" elapsed="0.000160"/>
</kw>
<var name="${persist}">true</var>
<status status="PASS" start="2025-11-11T20:56:19.677554" elapsed="0.001391"/>
</iter>
<iter>
<kw name="Log" owner="BuiltIn">
<msg time="2025-11-11T20:56:19.679201" level="INFO">🧪 Testing port=19400 with persistence=false</msg>
<arg>🧪 Testing port=${port} with persistence=${persist}</arg>
<doc>Logs the given message with the given level.</doc>
<status status="PASS" start="2025-11-11T20:56:19.679109" elapsed="0.000116"/>
</kw>
<kw name="Set Variable" owner="BuiltIn">
<msg time="2025-11-11T20:56:19.679410" level="INFO">${config_name} = test-19400-false.toml</msg>
<var>${config_name}</var>
<arg>test-${port}-${persist}.toml</arg>
<doc>Returns the given values which can then be assigned to a variables.</doc>
<status status="PASS" start="2025-11-11T20:56:19.679282" elapsed="0.000141"/>
</kw>
<kw name="Catenate" owner="BuiltIn">
<msg time="2025-11-11T20:56:19.679593" level="INFO">${config} = [server]
port = 19400
[persistence]
enabled = false</msg>
<var>${config}</var>
<arg>SEPARATOR=\n</arg>
<arg>[server]</arg>
<arg>port = ${port}</arg>
<arg>[persistence]</arg>
<arg>enabled = ${persist}</arg>
<doc>Catenates the given items together and returns the resulted string.</doc>
<status status="PASS" start="2025-11-11T20:56:19.679471" elapsed="0.000133"/>
</kw>
<kw name="Create File" owner="OperatingSystem">
<msg time="2025-11-11T20:56:19.679884" level="INFO" html="true">Created file '&lt;a href="file:///tmp/test-19400-false.toml"&gt;/tmp/test-19400-false.toml&lt;/a&gt;'.</msg>
<arg>/tmp/${config_name}</arg>
<arg>${config}</arg>
<doc>Creates a file with the given content and encoding.</doc>
<status status="PASS" start="2025-11-11T20:56:19.679654" elapsed="0.000267"/>
</kw>
<kw name="File Should Exist" owner="OperatingSystem">
<msg time="2025-11-11T20:56:19.680066" level="INFO" html="true">File '&lt;a href="file:///tmp/test-19400-false.toml"&gt;/tmp/test-19400-false.toml&lt;/a&gt;' exists.</msg>
<arg>/tmp/${config_name}</arg>
<doc>Fails unless the given ``path`` points to an existing file.</doc>
<status status="PASS" start="2025-11-11T20:56:19.679979" elapsed="0.000121"/>
</kw>
<kw name="Remove File" owner="OperatingSystem">
<msg time="2025-11-11T20:56:19.680335" level="INFO" html="true">Removed file '&lt;a href="file:///tmp/test-19400-false.toml"&gt;/tmp/test-19400-false.toml&lt;/a&gt;'.</msg>
<arg>/tmp/${config_name}</arg>
<doc>Removes a file with the given path.</doc>
<status status="PASS" start="2025-11-11T20:56:19.680187" elapsed="0.000186"/>
</kw>
<var name="${persist}">false</var>
<status status="PASS" start="2025-11-11T20:56:19.679065" elapsed="0.001330"/>
</iter>
<var>${persist}</var>
<value>@{persist_modes}</value>
<status status="PASS" start="2025-11-11T20:56:19.677476" elapsed="0.002957"/>
</for>
<var name="${port}">19400</var>
<status status="PASS" start="2025-11-11T20:56:19.677453" elapsed="0.003025"/>
</iter>
<iter>
<for flavor="IN">
<iter>
<kw name="Log" owner="BuiltIn">
<msg time="2025-11-11T20:56:19.680995" level="INFO">🧪 Testing port=19401 with persistence=true</msg>
<arg>🧪 Testing port=${port} with persistence=${persist}</arg>
<doc>Logs the given message with the given level.</doc>
<status status="PASS" start="2025-11-11T20:56:19.680844" elapsed="0.000197"/>
</kw>
<kw name="Set Variable" owner="BuiltIn">
<msg time="2025-11-11T20:56:19.681243" level="INFO">${config_name} = test-19401-true.toml</msg>
<var>${config_name}</var>
<arg>test-${port}-${persist}.toml</arg>
<doc>Returns the given values which can then be assigned to a variables.</doc>
<status status="PASS" start="2025-11-11T20:56:19.681115" elapsed="0.000142"/>
</kw>
<kw name="Catenate" owner="BuiltIn">
<msg time="2025-11-11T20:56:19.681468" level="INFO">${config} = [server]
port = 19401
[persistence]
enabled = true</msg>
<var>${config}</var>
<arg>SEPARATOR=\n</arg>
<arg>[server]</arg>
<arg>port = ${port}</arg>
<arg>[persistence]</arg>
<arg>enabled = ${persist}</arg>
<doc>Catenates the given items together and returns the resulted string.</doc>
<status status="PASS" start="2025-11-11T20:56:19.681311" elapsed="0.000178"/>
</kw>
<kw name="Create File" owner="OperatingSystem">
<msg time="2025-11-11T20:56:19.681799" level="INFO" html="true">Created file '&lt;a href="file:///tmp/test-19401-true.toml"&gt;/tmp/test-19401-true.toml&lt;/a&gt;'.</msg>
<arg>/tmp/${config_name}</arg>
<arg>${config}</arg>
<doc>Creates a file with the given content and encoding.</doc>
<status status="PASS" start="2025-11-11T20:56:19.681577" elapsed="0.000256"/>
</kw>
<kw name="File Should Exist" owner="OperatingSystem">
<msg time="2025-11-11T20:56:19.682002" level="INFO" html="true">File '&lt;a href="file:///tmp/test-19401-true.toml"&gt;/tmp/test-19401-true.toml&lt;/a&gt;' exists.</msg>
<arg>/tmp/${config_name}</arg>
<doc>Fails unless the given ``path`` points to an existing file.</doc>
<status status="PASS" start="2025-11-11T20:56:19.681911" elapsed="0.000118"/>
</kw>
<kw name="Remove File" owner="OperatingSystem">
<msg time="2025-11-11T20:56:19.682269" level="INFO" html="true">Removed file '&lt;a href="file:///tmp/test-19401-true.toml"&gt;/tmp/test-19401-true.toml&lt;/a&gt;'.</msg>
<arg>/tmp/${config_name}</arg>
<doc>Removes a file with the given path.</doc>
<status status="PASS" start="2025-11-11T20:56:19.682159" elapsed="0.000139"/>
</kw>
<var name="${persist}">true</var>
<status status="PASS" start="2025-11-11T20:56:19.680789" elapsed="0.001528"/>
</iter>
<iter>
<kw name="Log" owner="BuiltIn">
<msg time="2025-11-11T20:56:19.682511" level="INFO">🧪 Testing port=19401 with persistence=false</msg>
<arg>🧪 Testing port=${port} with persistence=${persist}</arg>
<doc>Logs the given message with the given level.</doc>
<status status="PASS" start="2025-11-11T20:56:19.682424" elapsed="0.000135"/>
</kw>
<kw name="Set Variable" owner="BuiltIn">
<msg time="2025-11-11T20:56:19.682715" level="INFO">${config_name} = test-19401-false.toml</msg>
<var>${config_name}</var>
<arg>test-${port}-${persist}.toml</arg>
<doc>Returns the given values which can then be assigned to a variables.</doc>
<status status="PASS" start="2025-11-11T20:56:19.682616" elapsed="0.000112"/>
</kw>
<kw name="Catenate" owner="BuiltIn">
<msg time="2025-11-11T20:56:19.682896" level="INFO">${config} = [server]
port = 19401
[persistence]
enabled = false</msg>
<var>${config}</var>
<arg>SEPARATOR=\n</arg>
<arg>[server]</arg>
<arg>port = ${port}</arg>
<arg>[persistence]</arg>
<arg>enabled = ${persist}</arg>
<doc>Catenates the given items together and returns the resulted string.</doc>
<status status="PASS" start="2025-11-11T20:56:19.682777" elapsed="0.000132"/>
</kw>
<kw name="Create File" owner="OperatingSystem">
<msg time="2025-11-11T20:56:19.683105" level="INFO" html="true">Created file '&lt;a href="file:///tmp/test-19401-false.toml"&gt;/tmp/test-19401-false.toml&lt;/a&gt;'.</msg>
<arg>/tmp/${config_name}</arg>
<arg>${config}</arg>
<doc>Creates a file with the given content and encoding.</doc>
<status status="PASS" start="2025-11-11T20:56:19.682958" elapsed="0.000177"/>
</kw>
<kw name="File Should Exist" owner="OperatingSystem">
<msg time="2025-11-11T20:56:19.683257" level="INFO" html="true">File '&lt;a href="file:///tmp/test-19401-false.toml"&gt;/tmp/test-19401-false.toml&lt;/a&gt;' exists.</msg>
<arg>/tmp/${config_name}</arg>
<doc>Fails unless the given ``path`` points to an existing file.</doc>
<status status="PASS" start="2025-11-11T20:56:19.683185" elapsed="0.000096"/>
</kw>
<kw name="Remove File" owner="OperatingSystem">
<msg time="2025-11-11T20:56:19.683408" level="INFO" html="true">Removed file '&lt;a href="file:///tmp/test-19401-false.toml"&gt;/tmp/test-19401-false.toml&lt;/a&gt;'.</msg>
<arg>/tmp/${config_name}</arg>
<doc>Removes a file with the given path.</doc>
<status status="PASS" start="2025-11-11T20:56:19.683324" elapsed="0.000111"/>
</kw>
<var name="${persist}">false</var>
<status status="PASS" start="2025-11-11T20:56:19.682382" elapsed="0.001068"/>
</iter>
<var>${persist}</var>
<value>@{persist_modes}</value>
<status status="PASS" start="2025-11-11T20:56:19.680639" elapsed="0.002829"/>
</for>
<var name="${port}">19401</var>
<status status="PASS" start="2025-11-11T20:56:19.680607" elapsed="0.002880"/>
</iter>
<var>${port}</var>
<value>@{ports}</value>
<status status="PASS" start="2025-11-11T20:56:19.677299" elapsed="0.006200"/>
</for>
<doc>Test combinatoire (ports × persistence)</doc>
<status status="PASS" start="2025-11-11T20:56:19.676356" elapsed="0.007288"/>
</test>
<test id="s1-t7" name="Test Conditionnel" line="116">
<kw name="Get Environment Variable" owner="OperatingSystem">
<msg time="2025-11-11T20:56:19.684245" level="INFO">${env} = dev</msg>
<var>${env}</var>
<arg>TEST_ENV</arg>
<arg>default=dev</arg>
<doc>Returns the value of an environment variable with the given name.</doc>
<status status="PASS" start="2025-11-11T20:56:19.684134" elapsed="0.000126"/>
</kw>
<kw name="Run Keyword If" owner="BuiltIn">
<kw name="Log" owner="BuiltIn">
<msg time="2025-11-11T20:56:19.684693" level="INFO">🔧 Mode DEV</msg>
<arg>🔧 Mode DEV</arg>
<doc>Logs the given message with the given level.</doc>
<status status="PASS" start="2025-11-11T20:56:19.684636" elapsed="0.000082"/>
</kw>
<arg>'${env}' == 'prod'</arg>
<arg>Log</arg>
<arg>🏭 Mode PRODUCTION</arg>
<arg>ELSE IF</arg>
<arg>'${env}' == 'staging'</arg>
<arg>Log</arg>
<arg>🎭 Mode STAGING</arg>
<arg>ELSE</arg>
<arg>Log</arg>
<arg>🔧 Mode DEV</arg>
<doc>Runs the given keyword with the given arguments, if ``condition`` is true.</doc>
<status status="PASS" start="2025-11-11T20:56:19.684415" elapsed="0.000331"/>
</kw>
<doc>Exécuter selon conditions</doc>
<status status="PASS" start="2025-11-11T20:56:19.683878" elapsed="0.000980"/>
</test>
<test id="s1-t8" name="Test Variables Dynamiques" line="129">
<kw name="Get Time" owner="BuiltIn">
<msg time="2025-11-11T20:56:19.685450" level="INFO">${timestamp} = 1762890979</msg>
<var>${timestamp}</var>
<arg>epoch</arg>
<doc>Returns the given time in the requested format.</doc>
<status status="PASS" start="2025-11-11T20:56:19.685318" elapsed="0.000146"/>
</kw>
<kw name="Evaluate" owner="BuiltIn">
<msg time="2025-11-11T20:56:19.685699" level="INFO">${unique_id} = 890979</msg>
<var>${unique_id}</var>
<arg>str(${timestamp})[-6:]</arg>
<doc>Evaluates the given expression in Python and returns the result.</doc>
<status status="PASS" start="2025-11-11T20:56:19.685565" elapsed="0.000147"/>
</kw>
<kw name="Set Variable" owner="BuiltIn">
<msg time="2025-11-11T20:56:19.685900" level="INFO">${test_dir} = /tmp/test-890979</msg>
<var>${test_dir}</var>
<arg>/tmp/test-${unique_id}</arg>
<doc>Returns the given values which can then be assigned to a variables.</doc>
<status status="PASS" start="2025-11-11T20:56:19.685809" elapsed="0.000104"/>
</kw>
<kw name="Create Directory" owner="OperatingSystem">
<msg time="2025-11-11T20:56:19.686342" level="INFO" html="true">Created directory '&lt;a href="file:///tmp/test-890979"&gt;/tmp/test-890979&lt;/a&gt;'.</msg>
<arg>${test_dir}</arg>
<doc>Creates the specified directory.</doc>
<status status="PASS" start="2025-11-11T20:56:19.686003" elapsed="0.000374"/>
</kw>
<kw name="Directory Should Exist" owner="OperatingSystem">
<msg time="2025-11-11T20:56:19.686559" level="INFO" html="true">Directory '&lt;a href="file:///tmp/test-890979"&gt;/tmp/test-890979&lt;/a&gt;' exists.</msg>
<arg>${test_dir}</arg>
<doc>Fails unless the given path points to an existing directory.</doc>
<status status="PASS" start="2025-11-11T20:56:19.686477" elapsed="0.000107"/>
</kw>
<for flavor="IN RANGE">
<iter>
<kw name="Set Variable" owner="BuiltIn">
<msg time="2025-11-11T20:56:19.686928" level="INFO">${filename} = /tmp/test-890979/file-0.txt</msg>
<var>${filename}</var>
<arg>${test_dir}/file-${i}.txt</arg>
<doc>Returns the given values which can then be assigned to a variables.</doc>
<status status="PASS" start="2025-11-11T20:56:19.686830" elapsed="0.000112"/>
</kw>
<kw name="Create File" owner="OperatingSystem">
<msg time="2025-11-11T20:56:19.687188" level="INFO" html="true">Created file '&lt;a href="file:///tmp/test-890979/file-0.txt"&gt;/tmp/test-890979/file-0.txt&lt;/a&gt;'.</msg>
<arg>${filename}</arg>
<arg>Content ${i}</arg>
<doc>Creates a file with the given content and encoding.</doc>
<status status="PASS" start="2025-11-11T20:56:19.686990" elapsed="0.000231"/>
</kw>
<kw name="File Should Exist" owner="OperatingSystem">
<msg time="2025-11-11T20:56:19.687352" level="INFO" html="true">File '&lt;a href="file:///tmp/test-890979/file-0.txt"&gt;/tmp/test-890979/file-0.txt&lt;/a&gt;' exists.</msg>
<arg>${filename}</arg>
<doc>Fails unless the given ``path`` points to an existing file.</doc>
<status status="PASS" start="2025-11-11T20:56:19.687276" elapsed="0.000108"/>
</kw>
<var name="${i}">0</var>
<status status="PASS" start="2025-11-11T20:56:19.686785" elapsed="0.000616"/>
</iter>
<iter>
<kw name="Set Variable" owner="BuiltIn">
<msg time="2025-11-11T20:56:19.687763" level="INFO">${filename} = /tmp/test-890979/file-1.txt</msg>
<var>${filename}</var>
<arg>${test_dir}/file-${i}.txt</arg>
<doc>Returns the given values which can then be assigned to a variables.</doc>
<status status="PASS" start="2025-11-11T20:56:19.687514" elapsed="0.000266"/>
</kw>
<kw name="Create File" owner="OperatingSystem">
<msg time="2025-11-11T20:56:19.688099" level="INFO" html="true">Created file '&lt;a href="file:///tmp/test-890979/file-1.txt"&gt;/tmp/test-890979/file-1.txt&lt;/a&gt;'.</msg>
<arg>${filename}</arg>
<arg>Content ${i}</arg>
<doc>Creates a file with the given content and encoding.</doc>
<status status="PASS" start="2025-11-11T20:56:19.687925" elapsed="0.000207"/>
</kw>
<kw name="File Should Exist" owner="OperatingSystem">
<msg time="2025-11-11T20:56:19.688259" level="INFO" html="true">File '&lt;a href="file:///tmp/test-890979/file-1.txt"&gt;/tmp/test-890979/file-1.txt&lt;/a&gt;' exists.</msg>
<arg>${filename}</arg>
<doc>Fails unless the given ``path`` points to an existing file.</doc>
<status status="PASS" start="2025-11-11T20:56:19.688185" elapsed="0.000098"/>
</kw>
<var name="${i}">1</var>
<status status="PASS" start="2025-11-11T20:56:19.687459" elapsed="0.000841"/>
</iter>
<iter>
<kw name="Set Variable" owner="BuiltIn">
<msg time="2025-11-11T20:56:19.688491" level="INFO">${filename} = /tmp/test-890979/file-2.txt</msg>
<var>${filename}</var>
<arg>${test_dir}/file-${i}.txt</arg>
<doc>Returns the given values which can then be assigned to a variables.</doc>
<status status="PASS" start="2025-11-11T20:56:19.688394" elapsed="0.000109"/>
</kw>
<kw name="Create File" owner="OperatingSystem">
<msg time="2025-11-11T20:56:19.688683" level="INFO" html="true">Created file '&lt;a href="file:///tmp/test-890979/file-2.txt"&gt;/tmp/test-890979/file-2.txt&lt;/a&gt;'.</msg>
<arg>${filename}</arg>
<arg>Content ${i}</arg>
<doc>Creates a file with the given content and encoding.</doc>
<status status="PASS" start="2025-11-11T20:56:19.688549" elapsed="0.000163"/>
</kw>
<kw name="File Should Exist" owner="OperatingSystem">
<msg time="2025-11-11T20:56:19.688831" level="INFO" html="true">File '&lt;a href="file:///tmp/test-890979/file-2.txt"&gt;/tmp/test-890979/file-2.txt&lt;/a&gt;' exists.</msg>
<arg>${filename}</arg>
<doc>Fails unless the given ``path`` points to an existing file.</doc>
<status status="PASS" start="2025-11-11T20:56:19.688762" elapsed="0.000094"/>
</kw>
<var name="${i}">2</var>
<status status="PASS" start="2025-11-11T20:56:19.688354" elapsed="0.000518"/>
</iter>
<iter>
<kw name="Set Variable" owner="BuiltIn">
<msg time="2025-11-11T20:56:19.689044" level="INFO">${filename} = /tmp/test-890979/file-3.txt</msg>
<var>${filename}</var>
<arg>${test_dir}/file-${i}.txt</arg>
<doc>Returns the given values which can then be assigned to a variables.</doc>
<status status="PASS" start="2025-11-11T20:56:19.688959" elapsed="0.000097"/>
</kw>
<kw name="Create File" owner="OperatingSystem">
<msg time="2025-11-11T20:56:19.689286" level="INFO" html="true">Created file '&lt;a href="file:///tmp/test-890979/file-3.txt"&gt;/tmp/test-890979/file-3.txt&lt;/a&gt;'.</msg>
<arg>${filename}</arg>
<arg>Content ${i}</arg>
<doc>Creates a file with the given content and encoding.</doc>
<status status="PASS" start="2025-11-11T20:56:19.689099" elapsed="0.000270"/>
</kw>
<kw name="File Should Exist" owner="OperatingSystem">
<msg time="2025-11-11T20:56:19.689511" level="INFO" html="true">File '&lt;a href="file:///tmp/test-890979/file-3.txt"&gt;/tmp/test-890979/file-3.txt&lt;/a&gt;' exists.</msg>
<arg>${filename}</arg>
<doc>Fails unless the given ``path`` points to an existing file.</doc>
<status status="PASS" start="2025-11-11T20:56:19.689432" elapsed="0.000115"/>
</kw>
<var name="${i}">3</var>
<status status="PASS" start="2025-11-11T20:56:19.688922" elapsed="0.000654"/>
</iter>
<iter>
<kw name="Set Variable" owner="BuiltIn">
<msg time="2025-11-11T20:56:19.689874" level="INFO">${filename} = /tmp/test-890979/file-4.txt</msg>
<var>${filename}</var>
<arg>${test_dir}/file-${i}.txt</arg>
<doc>Returns the given values which can then be assigned to a variables.</doc>
<status status="PASS" start="2025-11-11T20:56:19.689722" elapsed="0.000174"/>
</kw>
<kw name="Create File" owner="OperatingSystem">
<msg time="2025-11-11T20:56:19.690148" level="INFO" html="true">Created file '&lt;a href="file:///tmp/test-890979/file-4.txt"&gt;/tmp/test-890979/file-4.txt&lt;/a&gt;'.</msg>
<arg>${filename}</arg>
<arg>Content ${i}</arg>
<doc>Creates a file with the given content and encoding.</doc>
<status status="PASS" start="2025-11-11T20:56:19.689966" elapsed="0.000222"/>
</kw>
<kw name="File Should Exist" owner="OperatingSystem">
<msg time="2025-11-11T20:56:19.690349" level="INFO" html="true">File '&lt;a href="file:///tmp/test-890979/file-4.txt"&gt;/tmp/test-890979/file-4.txt&lt;/a&gt;' exists.</msg>
<arg>${filename}</arg>
<doc>Fails unless the given ``path`` points to an existing file.</doc>
<status status="PASS" start="2025-11-11T20:56:19.690256" elapsed="0.000126"/>
</kw>
<var name="${i}">4</var>
<status status="PASS" start="2025-11-11T20:56:19.689662" elapsed="0.000743"/>
</iter>
<var>${i}</var>
<value>5</value>
<status status="PASS" start="2025-11-11T20:56:19.686662" elapsed="0.003766"/>
</for>
<kw name="List Files In Directory" owner="OperatingSystem">
<msg time="2025-11-11T20:56:19.690670" level="INFO" html="true">Listing contents of directory '&lt;a href="file:///tmp/test-890979"&gt;/tmp/test-890979&lt;/a&gt;'.</msg>
<msg time="2025-11-11T20:56:19.690755" level="INFO">5 files:
file-0.txt
file-1.txt
file-2.txt
file-3.txt
file-4.txt</msg>
<msg time="2025-11-11T20:56:19.690826" level="INFO">@{files} = [ file-0.txt | file-1.txt | file-2.txt | file-3.txt | file-4.txt ]</msg>
<var>@{files}</var>
<arg>${test_dir}</arg>
<doc>Wrapper for `List Directory` that returns only files.</doc>
<status status="PASS" start="2025-11-11T20:56:19.690574" elapsed="0.000268"/>
</kw>
<kw name="Length Should Be" owner="BuiltIn">
<msg time="2025-11-11T20:56:19.691083" level="INFO">Length is 5.</msg>
<arg>${files}</arg>
<arg>5</arg>
<doc>Verifies that the length of the given item is correct.</doc>
<status status="PASS" start="2025-11-11T20:56:19.690972" elapsed="0.000145"/>
</kw>
<kw name="Remove Directory" owner="OperatingSystem">
<msg time="2025-11-11T20:56:19.691650" level="INFO" html="true">Removed directory '&lt;a href="file:///tmp/test-890979"&gt;/tmp/test-890979&lt;/a&gt;'.</msg>
<arg>${test_dir}</arg>
<arg>recursive=True</arg>
<doc>Removes the directory pointed to by the given ``path``.</doc>
<status status="PASS" start="2025-11-11T20:56:19.691246" elapsed="0.000475"/>
</kw>
<doc>Créer variables à la volée</doc>
<status status="PASS" start="2025-11-11T20:56:19.685104" elapsed="0.006839"/>
</test>
<test id="s1-t9" name="Test avec Tags pour Filtrage" line="153">
<kw name="Log" owner="BuiltIn">
<msg time="2025-11-11T20:56:19.692620" level="INFO">Ce test a les tags: api, smoke, fast</msg>
<arg>Ce test a les tags: api, smoke, fast</arg>
<doc>Logs the given message with the given level.</doc>
<status status="PASS" start="2025-11-11T20:56:19.692544" elapsed="0.000153"/>
</kw>
<doc>Utiliser tags pour sélectionner tests</doc>
<tag>api</tag>
<tag>fast</tag>
<tag>smoke</tag>
<status status="PASS" start="2025-11-11T20:56:19.692207" elapsed="0.000607"/>
</test>
<test id="s1-t10" name="Test Lent" line="160">
<kw name="Log" owner="BuiltIn">
<msg time="2025-11-11T20:56:19.693387" level="INFO">Ce test est tagué 'slow'</msg>
<arg>Ce test est tagué 'slow'</arg>
<doc>Logs the given message with the given level.</doc>
<status status="PASS" start="2025-11-11T20:56:19.693314" elapsed="0.000107"/>
</kw>
<doc>Test long</doc>
<tag>integration</tag>
<tag>slow</tag>
<status status="PASS" start="2025-11-11T20:56:19.693062" elapsed="0.000492"/>
</test>
<test id="s1-t11" name="Test avec Setup et Teardown" line="219">
<kw name="Préparer Environnement Test" type="SETUP">
<kw name="Create Directory" owner="OperatingSystem">
<msg time="2025-11-11T20:56:19.694409" level="INFO" html="true">Directory '&lt;a href="file:///tmp/robot-templates"&gt;/tmp/robot-templates&lt;/a&gt;' already exists.</msg>
<arg>${BASE_DIR}</arg>
<doc>Creates the specified directory.</doc>
<status status="PASS" start="2025-11-11T20:56:19.694306" elapsed="0.000139"/>
</kw>
<kw name="Create File" owner="OperatingSystem">
<msg time="2025-11-11T20:56:19.694825" level="INFO" html="true">Created file '&lt;a href="file:///tmp/robot-templates/setup-done.txt"&gt;/tmp/robot-templates/setup-done.txt&lt;/a&gt;'.</msg>
<arg>${BASE_DIR}/setup-done.txt</arg>
<arg>Setup completed</arg>
<doc>Creates a file with the given content and encoding.</doc>
<status status="PASS" start="2025-11-11T20:56:19.694614" elapsed="0.000257"/>
</kw>
<kw name="Log" owner="BuiltIn">
<msg time="2025-11-11T20:56:19.695029" level="INFO">✅ Environnement préparé</msg>
<arg>✅ Environnement préparé</arg>
<doc>Logs the given message with the given level.</doc>
<status status="PASS" start="2025-11-11T20:56:19.694952" elapsed="0.000116"/>
</kw>
<doc>Setup avant chaque test</doc>
<status status="PASS" start="2025-11-11T20:56:19.694127" elapsed="0.000991"/>
</kw>
<kw name="Log" owner="BuiltIn">
<msg time="2025-11-11T20:56:19.695360" level="INFO">🎯 Le test s'exécute dans un environnement préparé</msg>
<arg>🎯 Le test s'exécute dans un environnement préparé</arg>
<doc>Logs the given message with the given level.</doc>
<status status="PASS" start="2025-11-11T20:56:19.695261" elapsed="0.000146"/>
</kw>
<kw name="Directory Should Exist" owner="OperatingSystem">
<msg time="2025-11-11T20:56:19.695662" level="INFO" html="true">Directory '&lt;a href="file:///tmp/robot-templates"&gt;/tmp/robot-templates&lt;/a&gt;' exists.</msg>
<arg>${BASE_DIR}</arg>
<doc>Fails unless the given path points to an existing directory.</doc>
<status status="PASS" start="2025-11-11T20:56:19.695537" elapsed="0.000162"/>
</kw>
<kw name="File Should Exist" owner="OperatingSystem">
<msg time="2025-11-11T20:56:19.695940" level="INFO" html="true">File '&lt;a href="file:///tmp/robot-templates/setup-done.txt"&gt;/tmp/robot-templates/setup-done.txt&lt;/a&gt;' exists.</msg>
<arg>${BASE_DIR}/setup-done.txt</arg>
<doc>Fails unless the given ``path`` points to an existing file.</doc>
<status status="PASS" start="2025-11-11T20:56:19.695823" elapsed="0.000155"/>
</kw>
<kw name="Nettoyer Environnement Test" type="TEARDOWN">
<kw name="Remove Directory" owner="OperatingSystem">
<msg time="2025-11-11T20:56:19.696787" level="INFO" html="true">Removed directory '&lt;a href="file:///tmp/robot-templates"&gt;/tmp/robot-templates&lt;/a&gt;'.</msg>
<arg>${BASE_DIR}</arg>
<arg>recursive=True</arg>
<doc>Removes the directory pointed to by the given ``path``.</doc>
<status status="PASS" start="2025-11-11T20:56:19.696416" elapsed="0.000412"/>
</kw>
<kw name="Log" owner="BuiltIn">
<msg time="2025-11-11T20:56:19.696943" level="INFO">🧹 Environnement nettoyé</msg>
<arg>🧹 Environnement nettoyé</arg>
<doc>Logs the given message with the given level.</doc>
<status status="PASS" start="2025-11-11T20:56:19.696889" elapsed="0.000077"/>
</kw>
<doc>Cleanup après chaque test</doc>
<status status="PASS" start="2025-11-11T20:56:19.696229" elapsed="0.000769"/>
</kw>
<doc>Préparer l'environnement avant, nettoyer après</doc>
<status status="PASS" start="2025-11-11T20:56:19.693803" elapsed="0.003275"/>
</test>
<kw name="Remove Directory" owner="OperatingSystem" type="TEARDOWN">
<msg time="2025-11-11T20:56:19.697797" level="INFO" html="true">Directory '&lt;a href="file:///tmp/robot-templates"&gt;/tmp/robot-templates&lt;/a&gt;' does not exist.</msg>
<arg>${BASE_DIR}</arg>
<arg>recursive=True</arg>
<doc>Removes the directory pointed to by the given ``path``.</doc>
<status status="PASS" start="2025-11-11T20:56:19.697648" elapsed="0.000178"/>
</kw>
<status status="FAIL" start="2025-11-11T20:56:19.615039" elapsed="0.082811"/>
</suite>
<statistics>
<total>
<stat pass="10" fail="1" skip="0">All Tests</stat>
</total>
<tag>
<stat pass="1" fail="0" skip="0">api</stat>
<stat pass="1" fail="0" skip="0">fast</stat>
<stat pass="1" fail="0" skip="0">integration</stat>
<stat pass="1" fail="0" skip="0">slow</stat>
<stat pass="1" fail="0" skip="0">smoke</stat>
</tag>
<suite>
<stat name="Demo Templating" id="s1" pass="10" fail="1" skip="0">Demo Templating</stat>
</suite>
</statistics>
<errors>
</errors>
</robot>
